#
# There is insufficient memory for the Java Runtime Environment to continue.
# Native memory allocation (malloc) failed to allocate 32744 bytes for ChunkPool::allocate
# Possible reasons:
#   The system is out of physical RAM or swap space
#   The process is running with CompressedOops enabled, and the Java Heap may be blocking the growth of the native heap
# Possible solutions:
#   Reduce memory load on the system
#   Increase physical memory or swap space
#   Check if swap backing store is full
#   Decrease Java heap size (-Xmx/-Xms)
#   Decrease number of Java threads
#   Decrease Java thread stack sizes (-Xss)
#   Set larger code cache with -XX:ReservedCodeCacheSize=
#   JVM is running with Unscaled Compressed Oops mode in which the Java heap is
#     placed in the first 4GB address space. The Java Heap base address is the
#     maximum limit for the native heap growth. Please use -XX:HeapBaseMinAddress
#     to set the Java Heap base and to place the Java Heap above 4GB virtual address.
# This output file may be truncated or incomplete.
#
#  Out of Memory Error (arena.cpp:78), pid=8932, tid=6784
#
# JRE version: Java(TM) SE Runtime Environment (17.0.2+8) (build 17.0.2+8-LTS-86)
# Java VM: Java HotSpot(TM) 64-Bit Server VM (17.0.2+8-LTS-86, mixed mode, tiered, compressed oops, compressed class ptrs, g1 gc, windows-amd64)
# No core dump will be written. Minidumps are not enabled by default on client versions of Windows
#

---------------  S U M M A R Y ------------

Command Line: -Dfile.encoding=Cp1252 -XX:+ShowCodeDetailsInExceptionMessages dbms.MainDemo

Host: AMD PRO A4-3350B APU with Radeon R4 Graphics   , 4 cores, 3G,  Windows 10 , 64 bit Build 19041 (10.0.19041.1503)
Time: Tue Mar 22 20:50:31 2022 India Standard Time elapsed time: 1.053025 seconds (0d 0h 0m 1s)

---------------  T H R E A D  ---------------

Current thread (0x00000252801a1860):  JavaThread "C1 CompilerThread0" daemon [_thread_in_native, id=6784, stack(0x000000bce0a00000,0x000000bce0b00000)]


Current CompileTask:
C1:   1053  258       3       jdk.internal.org.objectweb.asm.Frame::execute (2305 bytes)

Stack: [0x000000bce0a00000,0x000000bce0b00000]
Native frames: (J=compiled Java code, j=interpreted, Vv=VM code, C=native code)
V  [jvm.dll+0x670baa]
V  [jvm.dll+0x7cfcb4]
V  [jvm.dll+0x7d145e]
V  [jvm.dll+0x7d1ac3]
V  [jvm.dll+0x242bc5]
V  [jvm.dll+0xaa7c0]
V  [jvm.dll+0xaab0c]
V  [jvm.dll+0xb7a9d]
V  [jvm.dll+0x173d75]
V  [jvm.dll+0x1737f2]
V  [jvm.dll+0x17608d]
V  [jvm.dll+0x1785e1]
V  [jvm.dll+0x132833]
V  [jvm.dll+0x13212f]
V  [jvm.dll+0x132366]
V  [jvm.dll+0x1317fa]
V  [jvm.dll+0x1334c1]
V  [jvm.dll+0x224908]
V  [jvm.dll+0x222a6c]
V  [jvm.dll+0x7859bb]
V  [jvm.dll+0x77ff7a]
V  [jvm.dll+0x66fa35]
C  [ucrtbase.dll+0x21bb2]
C  [KERNEL32.DLL+0x17034]
C  [ntdll.dll+0x52651]


---------------  P R O C E S S  ---------------

Threads class SMR info:
_java_thread_list=0x0000025280e81140, length=13, elements={
0x00000252dfeda360, 0x0000025280159620, 0x000002528015a8a0, 0x0000025280195550,
0x0000025280197430, 0x000002528019ad10, 0x000002528019b5d0, 0x00000252801a06d0,
0x00000252801a1860, 0x00000252801a1d70, 0x0000025280d0ae00, 0x0000025280d236b0,
0x0000025280e7f4c0
}

Java Threads: ( => current thread )
  0x00000252dfeda360 JavaThread "main" [_thread_in_vm, id=4652, stack(0x000000bcdfc00000,0x000000bcdfd00000)]
  0x0000025280159620 JavaThread "Reference Handler" daemon [_thread_blocked, id=9952, stack(0x000000bce0300000,0x000000bce0400000)]
  0x000002528015a8a0 JavaThread "Finalizer" daemon [_thread_blocked, id=1976, stack(0x000000bce0400000,0x000000bce0500000)]
  0x0000025280195550 JavaThread "Signal Dispatcher" daemon [_thread_blocked, id=6588, stack(0x000000bce0500000,0x000000bce0600000)]
  0x0000025280197430 JavaThread "Attach Listener" daemon [_thread_blocked, id=8300, stack(0x000000bce0600000,0x000000bce0700000)]
  0x000002528019ad10 JavaThread "Service Thread" daemon [_thread_blocked, id=7188, stack(0x000000bce0700000,0x000000bce0800000)]
  0x000002528019b5d0 JavaThread "Monitor Deflation Thread" daemon [_thread_blocked, id=11360, stack(0x000000bce0800000,0x000000bce0900000)]
  0x00000252801a06d0 JavaThread "C2 CompilerThread0" daemon [_thread_blocked, id=1788, stack(0x000000bce0900000,0x000000bce0a00000)]
=>0x00000252801a1860 JavaThread "C1 CompilerThread0" daemon [_thread_in_native, id=6784, stack(0x000000bce0a00000,0x000000bce0b00000)]
  0x00000252801a1d70 JavaThread "Sweeper thread" daemon [_thread_blocked, id=5632, stack(0x000000bce0b00000,0x000000bce0c00000)]
  0x0000025280d0ae00 JavaThread "Notification Thread" daemon [_thread_blocked, id=5748, stack(0x000000bce0c00000,0x000000bce0d00000)]
  0x0000025280d236b0 JavaThread "Common-Cleaner" daemon [_thread_blocked, id=12116, stack(0x000000bce0e00000,0x000000bce0f00000)]
  0x0000025280e7f4c0 JavaThread "mysql-cj-abandoned-connection-cleanup" daemon [_thread_blocked, id=11196, stack(0x000000bce1000000,0x000000bce1100000)]

Other Threads:
  0x00000252800e9a00 VMThread "VM Thread" [stack: 0x000000bce0200000,0x000000bce0300000] [id=12164]
  0x0000025280d23420 WatcherThread [stack: 0x000000bce0d00000,0x000000bce0e00000] [id=4216]
  0x00000252e1f07010 GCTaskThread "GC Thread#0" [stack: 0x000000bcdfd00000,0x000000bcdfe00000] [id=11304]
  0x00000252e1f10910 ConcurrentGCThread "G1 Main Marker" [stack: 0x000000bcdfe00000,0x000000bcdff00000] [id=11948]
  0x00000252e1f11230 ConcurrentGCThread "G1 Conc#0" [stack: 0x000000bcdff00000,0x000000bce0000000] [id=8656]
  0x00000252e1f4bcc0 ConcurrentGCThread "G1 Refine#0" [stack: 0x000000bce0000000,0x000000bce0100000] [id=328]
  0x00000252e1f4c5f0 ConcurrentGCThread "G1 Service" [stack: 0x000000bce0100000,0x000000bce0200000] [id=12208]

Threads with active compile tasks:
C1 CompilerThread0     1288  258       3       jdk.internal.org.objectweb.asm.Frame::execute (2305 bytes)

VM state: not at safepoint (normal execution)

VM Mutex/Monitor currently owned by a thread: None

Heap address: 0x00000000c8800000, size: 888 MB, Compressed Oops mode: 32-bit

CDS archive(s) not mapped
Compressed class space mapped at: 0x0000000100000000-0x0000000140000000, reserved size: 1073741824
Narrow klass base: 0x0000000000000000, Narrow klass shift: 3, Narrow klass range: 0x140000000

GC Precious Log:
 CPUs: 4 total, 4 available
 Memory: 3548M
 Large Page Support: Disabled
 NUMA Support: Disabled
 Compressed Oops: Enabled (32-bit)
 Heap Region Size: 1M
 Heap Min Capacity: 8M
 Heap Initial Capacity: 56M
 Heap Max Capacity: 888M
 Pre-touch: Disabled
 Parallel Workers: 4
 Concurrent Workers: 1
 Concurrent Refinement Workers: 4
 Periodic GC: Disabled

Heap:
 garbage-first heap   total 57344K, used 3072K [0x00000000c8800000, 0x0000000100000000)
  region size 1024K, 4 young (4096K), 0 survivors (0K)
 Metaspace       used 8327K, committed 8512K, reserved 1056768K
  class space    used 738K, committed 832K, reserved 1048576K

Heap Regions: E=young(eden), S=young(survivor), O=old, HS=humongous(starts), HC=humongous(continues), CS=collection set, F=free, OA=open archive, CA=closed archive, TAMS=top-at-mark-start (previous, next)
|   0|0x00000000c8800000, 0x00000000c8800000, 0x00000000c8900000|  0%| F|  |TAMS 0x00000000c8800000, 0x00000000c8800000| Untracked 
|   1|0x00000000c8900000, 0x00000000c8900000, 0x00000000c8a00000|  0%| F|  |TAMS 0x00000000c8900000, 0x00000000c8900000| Untracked 
|   2|0x00000000c8a00000, 0x00000000c8a00000, 0x00000000c8b00000|  0%| F|  |TAMS 0x00000000c8a00000, 0x00000000c8a00000| Untracked 
|   3|0x00000000c8b00000, 0x00000000c8b00000, 0x00000000c8c00000|  0%| F|  |TAMS 0x00000000c8b00000, 0x00000000c8b00000| Untracked 
|   4|0x00000000c8c00000, 0x00000000c8c00000, 0x00000000c8d00000|  0%| F|  |TAMS 0x00000000c8c00000, 0x00000000c8c00000| Untracked 
|   5|0x00000000c8d00000, 0x00000000c8d00000, 0x00000000c8e00000|  0%| F|  |TAMS 0x00000000c8d00000, 0x00000000c8d00000| Untracked 
|   6|0x00000000c8e00000, 0x00000000c8e00000, 0x00000000c8f00000|  0%| F|  |TAMS 0x00000000c8e00000, 0x00000000c8e00000| Untracked 
|   7|0x00000000c8f00000, 0x00000000c8f00000, 0x00000000c9000000|  0%| F|  |TAMS 0x00000000c8f00000, 0x00000000c8f00000| Untracked 
|   8|0x00000000c9000000, 0x00000000c9000000, 0x00000000c9100000|  0%| F|  |TAMS 0x00000000c9000000, 0x00000000c9000000| Untracked 
|   9|0x00000000c9100000, 0x00000000c9100000, 0x00000000c9200000|  0%| F|  |TAMS 0x00000000c9100000, 0x00000000c9100000| Untracked 
|  10|0x00000000c9200000, 0x00000000c9200000, 0x00000000c9300000|  0%| F|  |TAMS 0x00000000c9200000, 0x00000000c9200000| Untracked 
|  11|0x00000000c9300000, 0x00000000c9300000, 0x00000000c9400000|  0%| F|  |TAMS 0x00000000c9300000, 0x00000000c9300000| Untracked 
|  12|0x00000000c9400000, 0x00000000c9400000, 0x00000000c9500000|  0%| F|  |TAMS 0x00000000c9400000, 0x00000000c9400000| Untracked 
|  13|0x00000000c9500000, 0x00000000c9500000, 0x00000000c9600000|  0%| F|  |TAMS 0x00000000c9500000, 0x00000000c9500000| Untracked 
|  14|0x00000000c9600000, 0x00000000c9600000, 0x00000000c9700000|  0%| F|  |TAMS 0x00000000c9600000, 0x00000000c9600000| Untracked 
|  15|0x00000000c9700000, 0x00000000c9700000, 0x00000000c9800000|  0%| F|  |TAMS 0x00000000c9700000, 0x00000000c9700000| Untracked 
|  16|0x00000000c9800000, 0x00000000c9800000, 0x00000000c9900000|  0%| F|  |TAMS 0x00000000c9800000, 0x00000000c9800000| Untracked 
|  17|0x00000000c9900000, 0x00000000c9900000, 0x00000000c9a00000|  0%| F|  |TAMS 0x00000000c9900000, 0x00000000c9900000| Untracked 
|  18|0x00000000c9a00000, 0x00000000c9a00000, 0x00000000c9b00000|  0%| F|  |TAMS 0x00000000c9a00000, 0x00000000c9a00000| Untracked 
|  19|0x00000000c9b00000, 0x00000000c9b00000, 0x00000000c9c00000|  0%| F|  |TAMS 0x00000000c9b00000, 0x00000000c9b00000| Untracked 
|  20|0x00000000c9c00000, 0x00000000c9c00000, 0x00000000c9d00000|  0%| F|  |TAMS 0x00000000c9c00000, 0x00000000c9c00000| Untracked 
|  21|0x00000000c9d00000, 0x00000000c9d00000, 0x00000000c9e00000|  0%| F|  |TAMS 0x00000000c9d00000, 0x00000000c9d00000| Untracked 
|  22|0x00000000c9e00000, 0x00000000c9e00000, 0x00000000c9f00000|  0%| F|  |TAMS 0x00000000c9e00000, 0x00000000c9e00000| Untracked 
|  23|0x00000000c9f00000, 0x00000000c9f00000, 0x00000000ca000000|  0%| F|  |TAMS 0x00000000c9f00000, 0x00000000c9f00000| Untracked 
|  24|0x00000000ca000000, 0x00000000ca000000, 0x00000000ca100000|  0%| F|  |TAMS 0x00000000ca000000, 0x00000000ca000000| Untracked 
|  25|0x00000000ca100000, 0x00000000ca100000, 0x00000000ca200000|  0%| F|  |TAMS 0x00000000ca100000, 0x00000000ca100000| Untracked 
|  26|0x00000000ca200000, 0x00000000ca200000, 0x00000000ca300000|  0%| F|  |TAMS 0x00000000ca200000, 0x00000000ca200000| Untracked 
|  27|0x00000000ca300000, 0x00000000ca300000, 0x00000000ca400000|  0%| F|  |TAMS 0x00000000ca300000, 0x00000000ca300000| Untracked 
|  28|0x00000000ca400000, 0x00000000ca400000, 0x00000000ca500000|  0%| F|  |TAMS 0x00000000ca400000, 0x00000000ca400000| Untracked 
|  29|0x00000000ca500000, 0x00000000ca500000, 0x00000000ca600000|  0%| F|  |TAMS 0x00000000ca500000, 0x00000000ca500000| Untracked 
|  30|0x00000000ca600000, 0x00000000ca600000, 0x00000000ca700000|  0%| F|  |TAMS 0x00000000ca600000, 0x00000000ca600000| Untracked 
|  31|0x00000000ca700000, 0x00000000ca700000, 0x00000000ca800000|  0%| F|  |TAMS 0x00000000ca700000, 0x00000000ca700000| Untracked 
|  32|0x00000000ca800000, 0x00000000ca800000, 0x00000000ca900000|  0%| F|  |TAMS 0x00000000ca800000, 0x00000000ca800000| Untracked 
|  33|0x00000000ca900000, 0x00000000ca900000, 0x00000000caa00000|  0%| F|  |TAMS 0x00000000ca900000, 0x00000000ca900000| Untracked 
|  34|0x00000000caa00000, 0x00000000caa00000, 0x00000000cab00000|  0%| F|  |TAMS 0x00000000caa00000, 0x00000000caa00000| Untracked 
|  35|0x00000000cab00000, 0x00000000cab00000, 0x00000000cac00000|  0%| F|  |TAMS 0x00000000cab00000, 0x00000000cab00000| Untracked 
|  36|0x00000000cac00000, 0x00000000cac00000, 0x00000000cad00000|  0%| F|  |TAMS 0x00000000cac00000, 0x00000000cac00000| Untracked 
|  37|0x00000000cad00000, 0x00000000cad00000, 0x00000000cae00000|  0%| F|  |TAMS 0x00000000cad00000, 0x00000000cad00000| Untracked 
|  38|0x00000000cae00000, 0x00000000cae00000, 0x00000000caf00000|  0%| F|  |TAMS 0x00000000cae00000, 0x00000000cae00000| Untracked 
|  39|0x00000000caf00000, 0x00000000caf00000, 0x00000000cb000000|  0%| F|  |TAMS 0x00000000caf00000, 0x00000000caf00000| Untracked 
|  40|0x00000000cb000000, 0x00000000cb000000, 0x00000000cb100000|  0%| F|  |TAMS 0x00000000cb000000, 0x00000000cb000000| Untracked 
|  41|0x00000000cb100000, 0x00000000cb100000, 0x00000000cb200000|  0%| F|  |TAMS 0x00000000cb100000, 0x00000000cb100000| Untracked 
|  42|0x00000000cb200000, 0x00000000cb200000, 0x00000000cb300000|  0%| F|  |TAMS 0x00000000cb200000, 0x00000000cb200000| Untracked 
|  43|0x00000000cb300000, 0x00000000cb300000, 0x00000000cb400000|  0%| F|  |TAMS 0x00000000cb300000, 0x00000000cb300000| Untracked 
|  44|0x00000000cb400000, 0x00000000cb400000, 0x00000000cb500000|  0%| F|  |TAMS 0x00000000cb400000, 0x00000000cb400000| Untracked 
|  45|0x00000000cb500000, 0x00000000cb500000, 0x00000000cb600000|  0%| F|  |TAMS 0x00000000cb500000, 0x00000000cb500000| Untracked 
|  46|0x00000000cb600000, 0x00000000cb600000, 0x00000000cb700000|  0%| F|  |TAMS 0x00000000cb600000, 0x00000000cb600000| Untracked 
|  47|0x00000000cb700000, 0x00000000cb700000, 0x00000000cb800000|  0%| F|  |TAMS 0x00000000cb700000, 0x00000000cb700000| Untracked 
|  48|0x00000000cb800000, 0x00000000cb800000, 0x00000000cb900000|  0%| F|  |TAMS 0x00000000cb800000, 0x00000000cb800000| Untracked 
|  49|0x00000000cb900000, 0x00000000cb900000, 0x00000000cba00000|  0%| F|  |TAMS 0x00000000cb900000, 0x00000000cb900000| Untracked 
|  50|0x00000000cba00000, 0x00000000cba00000, 0x00000000cbb00000|  0%| F|  |TAMS 0x00000000cba00000, 0x00000000cba00000| Untracked 
|  51|0x00000000cbb00000, 0x00000000cbb00000, 0x00000000cbc00000|  0%| F|  |TAMS 0x00000000cbb00000, 0x00000000cbb00000| Untracked 
|  52|0x00000000cbc00000, 0x00000000cbcc8988, 0x00000000cbd00000| 78%| E|  |TAMS 0x00000000cbc00000, 0x00000000cbc00000| Complete 
|  53|0x00000000cbd00000, 0x00000000cbe00000, 0x00000000cbe00000|100%| E|CS|TAMS 0x00000000cbd00000, 0x00000000cbd00000| Complete 
|  54|0x00000000cbe00000, 0x00000000cbf00000, 0x00000000cbf00000|100%| E|CS|TAMS 0x00000000cbe00000, 0x00000000cbe00000| Complete 
|  55|0x00000000cbf00000, 0x00000000cc000000, 0x00000000cc000000|100%| E|CS|TAMS 0x00000000cbf00000, 0x00000000cbf00000| Complete 

Card table byte_map: [0x00000252f8900000,0x00000252f8ac0000] _byte_map_base: 0x00000252f82bc000

Marking Bits (Prev, Next): (CMBitMap*) 0x00000252e1f08940, (CMBitMap*) 0x00000252e1f08980
 Prev Bits: [0x00000252f8c80000, 0x00000252f9a60000)
 Next Bits: [0x00000252f9a60000, 0x00000252fa840000)

Polling page: 0x00000252e16c0000

Metaspace:

Usage:
  Non-class:      7.41 MB used.
      Class:    738.72 KB used.
       Both:      8.13 MB used.

Virtual space:
  Non-class space:        8.00 MB reserved,       7.50 MB ( 94%) committed,  1 nodes.
      Class space:        1.00 GB reserved,     832.00 KB ( <1%) committed,  1 nodes.
             Both:        1.01 GB reserved,       8.31 MB ( <1%) committed. 

Chunk freelists:
   Non-Class:  220.00 KB
       Class:  3.20 MB
        Both:  3.42 MB

MaxMetaspaceSize: unlimited
CompressedClassSpaceSize: 1.00 GB
Initial GC threshold: 21.00 MB
Current GC threshold: 21.00 MB
CDS: off
MetaspaceReclaimPolicy: balanced
 - commit_granule_bytes: 65536.
 - commit_granule_words: 8192.
 - virtual_space_node_default_size: 1048576.
 - enlarge_chunks_in_place: 1.
 - new_chunks_are_fully_committed: 0.
 - uncommit_free_chunks: 1.
 - use_allocation_guard: 0.
 - handle_deallocations: 1.


Internal statistics:

num_allocs_failed_limit: 0.
num_arena_births: 30.
num_arena_deaths: 0.
num_vsnodes_births: 2.
num_vsnodes_deaths: 0.
num_space_committed: 133.
num_space_uncommitted: 0.
num_chunks_returned_to_freelist: 0.
num_chunks_taken_from_freelist: 70.
num_chunk_merges: 0.
num_chunk_splits: 38.
num_chunks_enlarged: 24.
num_purges: 0.
num_inconsistent_stats: 0.

CodeHeap 'non-profiled nmethods': size=120000Kb used=96Kb max_used=96Kb free=119903Kb
 bounds [0x00000252f1210000, 0x00000252f1480000, 0x00000252f8740000]
CodeHeap 'profiled nmethods': size=120000Kb used=303Kb max_used=303Kb free=119696Kb
 bounds [0x00000252e9ce0000, 0x00000252e9f50000, 0x00000252f1210000]
CodeHeap 'non-nmethods': size=5760Kb used=1115Kb max_used=1129Kb free=4645Kb
 bounds [0x00000252e9740000, 0x00000252e99b0000, 0x00000252e9ce0000]
 total_blobs=674 nmethods=279 adapters=309
 compilation: enabled
              stopped_count=0, restarted_count=0
 full_count=0

Compilation events (20 events):
Event: 0.972 Thread 0x00000252801a1860 nmethod 238 0x00000252e9d25910 code [0x00000252e9d25ac0, 0x00000252e9d25da8]
Event: 0.973 Thread 0x00000252801a1860  240       3       java.lang.invoke.MethodType::checkPtypes (76 bytes)
Event: 0.974 Thread 0x00000252801a1860 nmethod 240 0x00000252e9d25f10 code [0x00000252e9d26180, 0x00000252e9d26ac8]
Event: 0.974 Thread 0x00000252801a1860  242       3       sun.invoke.util.VerifyAccess::isTypeVisible (118 bytes)
Event: 0.978 Thread 0x00000252801a1860 nmethod 242 0x00000252e9d26e90 code [0x00000252e9d272a0, 0x00000252e9d292b8]
Event: 0.978 Thread 0x00000252801a1860  247       3       java.lang.Number::<init> (5 bytes)
Event: 0.978 Thread 0x00000252801a1860 nmethod 247 0x00000252e9d29c90 code [0x00000252e9d29e20, 0x00000252e9d29f78]
Event: 0.978 Thread 0x00000252801a1860  243       1       sun.invoke.util.Wrapper::basicTypeChar (5 bytes)
Event: 0.978 Thread 0x00000252801a1860 nmethod 243 0x00000252f1222510 code [0x00000252f12226a0, 0x00000252f1222778]
Event: 0.980 Thread 0x00000252801a1860  251       3       java.lang.invoke.MemberName::getReferenceKind (12 bytes)
Event: 0.981 Thread 0x00000252801a1860 nmethod 251 0x00000252e9d2a010 code [0x00000252e9d2a1a0, 0x00000252e9d2a2b8]
Event: 0.981 Thread 0x00000252801a1860  254       3       java.lang.invoke.LambdaForm$BasicType::basicType (19 bytes)
Event: 0.981 Thread 0x00000252801a1860 nmethod 254 0x00000252e9d2a390 code [0x00000252e9d2a560, 0x00000252e9d2a7b8]
Event: 0.981 Thread 0x00000252801a1860  255       3       java.util.Arrays::copyOf (40 bytes)
Event: 0.982 Thread 0x00000252801a1860 nmethod 255 0x00000252e9d2a910 code [0x00000252e9d2ab00, 0x00000252e9d2b1a8]
Event: 0.982 Thread 0x00000252801a1860  256       3       jdk.internal.org.objectweb.asm.ByteVector::put12 (64 bytes)
Event: 0.982 Thread 0x00000252801a1860 nmethod 256 0x00000252e9d2b390 code [0x00000252e9d2b540, 0x00000252e9d2b768]
Event: 0.982 Thread 0x00000252801a1860  257       3       java.lang.invoke.MemberName::isConstructor (8 bytes)
Event: 0.983 Thread 0x00000252801a1860 nmethod 257 0x00000252e9d2b910 code [0x00000252e9d2bac0, 0x00000252e9d2bcf8]
Event: 0.983 Thread 0x00000252801a1860  258       3       jdk.internal.org.objectweb.asm.Frame::execute (2305 bytes)

GC Heap History (0 events):
No events

Deoptimization events (0 events):
No events

Classes unloaded (0 events):
No events

Classes redefined (0 events):
No events

Internal exceptions (0 events):
No events

VM Operations (4 events):
Event: 0.926 Executing VM operation: HandshakeAllThreads
Event: 0.926 Executing VM operation: HandshakeAllThreads done
Event: 0.949 Executing VM operation: HandshakeAllThreads
Event: 0.949 Executing VM operation: HandshakeAllThreads done

Events (20 events):
Event: 1.004 loading class java/util/Spliterators$EmptySpliterator$OfInt done
Event: 1.004 loading class java/util/Spliterators$EmptySpliterator$OfLong
Event: 1.006 loading class java/util/Spliterator$OfLong
Event: 1.006 loading class java/util/Spliterator$OfLong done
Event: 1.006 loading class java/util/Spliterators$EmptySpliterator$OfLong done
Event: 1.006 loading class java/util/Spliterators$EmptySpliterator$OfDouble
Event: 1.007 loading class java/util/Spliterator$OfDouble
Event: 1.007 loading class java/util/Spliterator$OfDouble done
Event: 1.007 loading class java/util/Spliterators$EmptySpliterator$OfDouble done
Event: 1.007 loading class java/util/Spliterators$ArraySpliterator
Event: 1.007 loading class java/util/Spliterators$ArraySpliterator done
Event: 1.008 loading class java/util/stream/ReferencePipeline$Head
Event: 1.008 loading class java/util/stream/ReferencePipeline
Event: 1.008 loading class java/util/stream/Stream
Event: 1.009 loading class java/util/stream/Stream done
Event: 1.010 loading class java/util/stream/ReferencePipeline done
Event: 1.010 loading class java/util/stream/ReferencePipeline$Head done
Event: 1.010 loading class java/util/Spliterators$1Adapter
Event: 1.010 loading class java/util/Spliterators$1Adapter done
Event: 1.010 loading class java/util/HashMap$Values


Dynamic libraries:
0x00007ff685b80000 - 0x00007ff685b90000 	C:\Program Files\Java\jdk-17.0.2\bin\javaw.exe
0x00007ffba8310000 - 0x00007ffba8505000 	C:\WINDOWS\SYSTEM32\ntdll.dll
0x00007ffba6c60000 - 0x00007ffba6d1e000 	C:\WINDOWS\System32\KERNEL32.DLL
0x00007ffba5f30000 - 0x00007ffba61f8000 	C:\WINDOWS\System32\KERNELBASE.dll
0x00007ffba6230000 - 0x00007ffba6330000 	C:\WINDOWS\System32\ucrtbase.dll
0x00007ffb9fc70000 - 0x00007ffb9fc88000 	C:\Program Files\Java\jdk-17.0.2\bin\jli.dll
0x00007ffba8060000 - 0x00007ffba810e000 	C:\WINDOWS\System32\ADVAPI32.dll
0x00007ffba64d0000 - 0x00007ffba656e000 	C:\WINDOWS\System32\msvcrt.dll
0x00007ffba7120000 - 0x00007ffba71bc000 	C:\WINDOWS\System32\sechost.dll
0x00007ffba6a50000 - 0x00007ffba6b75000 	C:\WINDOWS\System32\RPCRT4.dll
0x00007ffba6f00000 - 0x00007ffba70a0000 	C:\WINDOWS\System32\USER32.dll
0x00007ffba5e40000 - 0x00007ffba5e62000 	C:\WINDOWS\System32\win32u.dll
0x00007ffba71c0000 - 0x00007ffba71eb000 	C:\WINDOWS\System32\GDI32.dll
0x00007ffba5b20000 - 0x00007ffba5c2d000 	C:\WINDOWS\System32\gdi32full.dll
0x00007ffba5a80000 - 0x00007ffba5b1d000 	C:\WINDOWS\System32\msvcp_win.dll
0x00007ffb9fc50000 - 0x00007ffb9fc6a000 	C:\Program Files\Java\jdk-17.0.2\bin\VCRUNTIME140.dll
0x00007ffba4e20000 - 0x00007ffba50ba000 	C:\WINDOWS\WinSxS\amd64_microsoft.windows.common-controls_6595b64144ccf1df_6.0.19041.1110_none_60b5254171f9507e\COMCTL32.dll
0x00007ffba4210000 - 0x00007ffba421a000 	C:\WINDOWS\SYSTEM32\VERSION.dll
0x00007ffba6a20000 - 0x00007ffba6a50000 	C:\WINDOWS\System32\IMM32.DLL
0x00007ffba2de0000 - 0x00007ffba2dec000 	C:\Program Files\Java\jdk-17.0.2\bin\vcruntime140_1.dll
0x00007ffb8df40000 - 0x00007ffb8dfcd000 	C:\Program Files\Java\jdk-17.0.2\bin\msvcp140.dll
0x00007ffb79350000 - 0x00007ffb79f11000 	C:\Program Files\Java\jdk-17.0.2\bin\server\jvm.dll
0x00007ffba71f0000 - 0x00007ffba71f8000 	C:\WINDOWS\System32\PSAPI.DLL
0x00007ffba2c00000 - 0x00007ffba2c09000 	C:\WINDOWS\SYSTEM32\WSOCK32.dll
0x00007ffba7960000 - 0x00007ffba79cb000 	C:\WINDOWS\System32\WS2_32.dll
0x00007ffb95b70000 - 0x00007ffb95b97000 	C:\WINDOWS\SYSTEM32\WINMM.dll
0x00007ffba41c0000 - 0x00007ffba41d2000 	C:\WINDOWS\SYSTEM32\kernel.appcore.dll
0x00007ffb9fc40000 - 0x00007ffb9fc4a000 	C:\Program Files\Java\jdk-17.0.2\bin\jimage.dll
0x00007ffba53a0000 - 0x00007ffba5584000 	C:\WINDOWS\SYSTEM32\DBGHELP.DLL
0x00007ffba5370000 - 0x00007ffba539c000 	C:\WINDOWS\SYSTEM32\dbgcore.DLL
0x00007ffba6330000 - 0x00007ffba63b2000 	C:\WINDOWS\System32\bcryptPrimitives.dll
0x00007ffb9fc10000 - 0x00007ffb9fc35000 	C:\Program Files\Java\jdk-17.0.2\bin\java.dll
0x00007ffb7e9b0000 - 0x00007ffb7ea86000 	C:\Program Files\Java\jdk-17.0.2\bin\jsvml.dll
0x00007ffba7210000 - 0x00007ffba7954000 	C:\WINDOWS\System32\SHELL32.dll
0x00007ffba3a20000 - 0x00007ffba41b4000 	C:\WINDOWS\SYSTEM32\windows.storage.dll
0x00007ffba7d00000 - 0x00007ffba8055000 	C:\WINDOWS\System32\combase.dll
0x00007ffba4d80000 - 0x00007ffba4dae000 	C:\WINDOWS\SYSTEM32\Wldp.dll
0x00007ffba6e50000 - 0x00007ffba6efd000 	C:\WINDOWS\System32\SHCORE.dll
0x00007ffba7ca0000 - 0x00007ffba7cf5000 	C:\WINDOWS\System32\shlwapi.dll
0x00007ffba59c0000 - 0x00007ffba59df000 	C:\WINDOWS\SYSTEM32\profapi.dll
0x00007ffb9de00000 - 0x00007ffb9de19000 	C:\Program Files\Java\jdk-17.0.2\bin\net.dll
0x00007ffb9ce70000 - 0x00007ffb9cf7c000 	C:\WINDOWS\SYSTEM32\WINHTTP.dll
0x00007ffba4b00000 - 0x00007ffba4b6a000 	C:\WINDOWS\system32\mswsock.dll
0x00007ffb93fb0000 - 0x00007ffb93fc6000 	C:\Program Files\Java\jdk-17.0.2\bin\nio.dll
0x00007ffb93f90000 - 0x00007ffb93fa8000 	C:\Program Files\Java\jdk-17.0.2\bin\zip.dll

dbghelp: loaded successfully - version: 4.0.5 - missing functions: none
symbol engine: initialized successfully - sym options: 0x614 - pdb path: .;C:\Program Files\Java\jdk-17.0.2\bin;C:\WINDOWS\SYSTEM32;C:\WINDOWS\WinSxS\amd64_microsoft.windows.common-controls_6595b64144ccf1df_6.0.19041.1110_none_60b5254171f9507e;C:\Program Files\Java\jdk-17.0.2\bin\server

VM Arguments:
jvm_args: -Dfile.encoding=Cp1252 -XX:+ShowCodeDetailsInExceptionMessages 
java_command: dbms.MainDemo
java_class_path (initial): E:\Programs\Program\javaLearning\bin;C:\Users\Jana\Downloads\json-simple-1.1.1.jar;C:\Users\Jana\Downloads\mysql-connector-java-8.0.28\mysql-connector-java-8.0.28.jar
Launcher Type: SUN_STANDARD

[Global flags]
     intx CICompilerCount                          = 3                                         {product} {ergonomic}
     uint ConcGCThreads                            = 1                                         {product} {ergonomic}
     uint G1ConcRefinementThreads                  = 4                                         {product} {ergonomic}
   size_t G1HeapRegionSize                         = 1048576                                   {product} {ergonomic}
    uintx GCDrainStackTargetSize                   = 64                                        {product} {ergonomic}
   size_t InitialHeapSize                          = 58720256                                  {product} {ergonomic}
   size_t MarkStackSize                            = 4194304                                   {product} {ergonomic}
   size_t MaxHeapSize                              = 931135488                                 {product} {ergonomic}
   size_t MaxNewSize                               = 557842432                                 {product} {ergonomic}
   size_t MinHeapDeltaBytes                        = 1048576                                   {product} {ergonomic}
   size_t MinHeapSize                              = 8388608                                   {product} {ergonomic}
    uintx NonNMethodCodeHeapSize                   = 5832780                                {pd product} {ergonomic}
    uintx NonProfiledCodeHeapSize                  = 122912730                              {pd product} {ergonomic}
    uintx ProfiledCodeHeapSize                     = 122912730                              {pd product} {ergonomic}
    uintx ReservedCodeCacheSize                    = 251658240                              {pd product} {ergonomic}
     bool SegmentedCodeCache                       = true                                      {product} {ergonomic}
     bool ShowCodeDetailsInExceptionMessages       = true                                   {manageable} {command line}
   size_t SoftMaxHeapSize                          = 931135488                              {manageable} {ergonomic}
     bool UseCompressedClassPointers               = true                           {product lp64_product} {ergonomic}
     bool UseCompressedOops                        = true                           {product lp64_product} {ergonomic}
     bool UseG1GC                                  = true                                      {product} {ergonomic}
     bool UseLargePagesIndividualAllocation        = false                                  {pd product} {ergonomic}

Logging:
Log output configuration:
 #0: stdout all=warning uptime,level,tags
 #1: stderr all=off uptime,level,tags

Environment Variables:
PATH=C:\Program Files\Common Files\Oracle\Java\javapath;C:\ProgramData\Oracle\Java\javapath;C:\WINDOWS\system32;C:\WINDOWS;C:\WINDOWS\System32\Wbem;C:\WINDOWS\System32\WindowsPowerShell\v1.0\;C:\Program Files (x86)\AMD\ATI.ACE\Core-Static;C:\Program Files\Java\jdk-17.0.2\bin;C:\WINDOWS\System32\OpenSSH\;C:\Program Files\MySQL\MySQL Server 8.0\bin;C:\Program Files\MySQL\MySQL Shell 8.0\bin\;C:\Users\Jana\AppData\Local\Programs\Python\Python38-32\Scripts\;C:\Users\Jana\AppData\Local\Programs\Python\Python38-32\;C:\Program Files\Java\jdk-17.0.2\bin;C:\Program Files\JetBrains\IntelliJ IDEA Community Edition 2021.3.1\bin;;C:\Users\Jana\AppData\Local\Microsoft\WindowsApps;C:\Program Files\MySQL\MySQL Server 8.0\bin;
USERNAME=Jana
OS=Windows_NT
PROCESSOR_IDENTIFIER=AMD64 Family 22 Model 48 Stepping 1, AuthenticAMD



---------------  S Y S T E M  ---------------

OS:
 Windows 10 , 64 bit Build 19041 (10.0.19041.1503)
OS uptime: 1 days 3:07 hours

CPU: total 4 (initial active 4) (4 cores per cpu, 1 threads per core) family 22 model 48 stepping 1 microcode 0x0, cx8, cmov, fxsr, mmx, 3dnowpref, sse, sse2, sse3, ssse3, sse4a, sse4.1, sse4.2, popcnt, lzcnt, tsc, tscinvbit, avx, aes, clmul, bmi1, vzeroupper, clflush

Memory: 4k page, system-wide physical 3548M (391M free)
TotalPageFile size 8516M (AvailPageFile size 0M)
current process WorkingSet (physical memory assigned to process): 37M, peak: 37M
current process commit charge ("private bytes"): 126M, peak: 126M

vm_info: Java HotSpot(TM) 64-Bit Server VM (17.0.2+8-LTS-86) for windows-amd64 JRE (17.0.2+8-LTS-86), built on Dec  7 2021 21:51:03 by "mach5one" with MS VC++ 16.8 / 16.9 (VS2019)

END.
